Base path: /Applications/Unity/Hub/Editor/2018.4.17f1/Unity.app/Contents
Cmd: initializeCompiler
Cmd: compileComputeKernel
  api=14 insize=12109 outsize=3313 ok=1
Cmd: compileComputeKernel
  api=14 insize=12109 outsize=4113 ok=1
Cmd: compileComputeKernel
  api=14 insize=12109 outsize=2997 ok=1
Cmd: translateComputeKernel
  api=14 insize=3553 outsize=3853 ok=1
Cmd: translateComputeKernel
  api=14 insize=3881 outsize=4265 ok=1
Cmd: translateComputeKernel
  api=14 insize=3493 outsize=3829 ok=1
Cmd: translateComputeKernel
  api=14 insize=4161 outsize=5421 ok=1
Cmd: compileComputeKernel
  api=14 insize=72903 outsize=9249 ok=1
Cmd: compileComputeKernel
  api=14 insize=72903 outsize=8185 ok=1
Cmd: translateComputeKernel
  api=14 insize=14097 outsize=26845 ok=1
Cmd: translateComputeKernel
  api=14 insize=5069 outsize=7829 ok=1
Cmd: compileComputeKernel
  api=14 insize=11985 outsize=2885 ok=1
Cmd: compileComputeKernel
  api=14 insize=11985 outsize=2881 ok=1
Cmd: compileComputeKernel
  api=14 insize=11985 outsize=3321 ok=1
Cmd: compileComputeKernel
  api=14 insize=11985 outsize=3037 ok=1
Cmd: compileComputeKernel
  api=14 insize=11985 outsize=2917 ok=1
Cmd: compileComputeKernel
  api=14 insize=11985 outsize=2913 ok=1
Cmd: compileComputeKernel
  api=14 insize=11985 outsize=3025 ok=1
Cmd: compileComputeKernel
  api=14 insize=11985 outsize=3029 ok=1
Cmd: translateComputeKernel
  api=14 insize=2957 outsize=3429 ok=1
Cmd: translateComputeKernel
  api=14 insize=2953 outsize=3425 ok=1
Cmd: translateComputeKernel
  api=14 insize=3393 outsize=4209 ok=1
Cmd: translateComputeKernel
  api=14 insize=2953 outsize=3429 ok=1
Cmd: translateComputeKernel
  api=14 insize=2985 outsize=3469 ok=1
Cmd: translateComputeKernel
  api=14 insize=2981 outsize=3465 ok=1
Cmd: translateComputeKernel
  api=14 insize=2985 outsize=3473 ok=1
Cmd: translateComputeKernel
  api=14 insize=3097 outsize=3661 ok=1
Cmd: translateComputeKernel
  api=14 insize=3013 outsize=3505 ok=1
Cmd: compileComputeKernel
  api=14 insize=79248 outsize=4253 ok=1
Cmd: compileComputeKernel
  api=14 insize=79248 outsize=15977 ok=1
Cmd: compileComputeKernel
  api=14 insize=79248 outsize=28061 ok=1
Cmd: compileComputeKernel
  api=14 insize=79248 outsize=35933 ok=1
Cmd: compileComputeKernel
  api=14 insize=79248 outsize=5853 ok=1
Cmd: compileComputeKernel
  api=14 insize=79248 outsize=5853 ok=1
Cmd: compileComputeKernel
  api=14 insize=79248 outsize=4537 ok=1
Cmd: compileComputeKernel
  api=14 insize=79248 outsize=4537 ok=1
Cmd: compileComputeKernel
  api=14 insize=79248 outsize=5181 ok=1
Cmd: compileComputeKernel
  api=14 insize=79248 outsize=2925 ok=1
Cmd: compileComputeKernel
  api=14 insize=79248 outsize=3317 ok=1
Cmd: compileComputeKernel
  api=14 insize=79248 outsize=3253 ok=1
Cmd: compileComputeKernel
  api=14 insize=79248 outsize=6713 ok=1
Cmd: compileComputeKernel
  api=14 insize=79248 outsize=14241 ok=1
Cmd: translateComputeKernel
  api=14 insize=4289 outsize=6445 ok=1
Cmd: translateComputeKernel
  api=14 insize=13897 outsize=26241 ok=1
Cmd: translateComputeKernel
  api=14 insize=12337 outsize=24105 ok=1
Cmd: translateComputeKernel
  api=14 insize=23553 outsize=47817 ok=1
Cmd: translateComputeKernel
  api=14 insize=35565 outsize=69621 ok=1
Cmd: translateComputeKernel
  api=14 insize=5889 outsize=9805 ok=1
Cmd: translateComputeKernel
  api=14 insize=5889 outsize=9829 ok=1
Cmd: translateComputeKernel
  api=14 insize=4573 outsize=7109 ok=1
Cmd: translateComputeKernel
  api=14 insize=4573 outsize=7105 ok=1
Cmd: translateComputeKernel
  api=14 insize=5217 outsize=9125 ok=1
Cmd: translateComputeKernel
  api=14 insize=5217 outsize=9113 ok=1
Cmd: translateComputeKernel
  api=14 insize=3097 outsize=3545 ok=1
Cmd: translateComputeKernel
  api=14 insize=3501 outsize=4541 ok=1
Cmd: translateComputeKernel
  api=14 insize=3437 outsize=4425 ok=1
Cmd: translateComputeKernel
  api=14 insize=6849 outsize=10557 ok=1
Cmd: translateComputeKernel
  api=14 insize=14309 outsize=27357 ok=1
Cmd: translateComputeKernel
  api=14 insize=13669 outsize=25937 ok=1
Cmd: compileComputeKernel
  api=14 insize=18301 outsize=3893 ok=1
Cmd: compileComputeKernel
  api=14 insize=18301 outsize=4925 ok=1
Cmd: compileComputeKernel
  api=14 insize=18301 outsize=4813 ok=1
Cmd: compileComputeKernel
  api=14 insize=18301 outsize=7473 ok=1
Cmd: translateComputeKernel
  api=14 insize=3985 outsize=4997 ok=1
Cmd: translateComputeKernel
  api=14 insize=4997 outsize=7769 ok=1
Cmd: translateComputeKernel
  api=14 insize=7529 outsize=13297 ok=1
Cmd: compileComputeKernel
  api=14 insize=66874 outsize=5289 ok=1
Cmd: compileComputeKernel
  api=14 insize=66874 outsize=5161 ok=1
Cmd: compileComputeKernel
  api=14 insize=66874 outsize=5461 ok=1
Cmd: compileComputeKernel
  api=14 insize=66874 outsize=3721 ok=1
Cmd: compileComputeKernel
  api=14 insize=66874 outsize=4773 ok=1
Cmd: compileComputeKernel
  api=14 insize=66874 outsize=3773 ok=1
Cmd: compileComputeKernel
  api=14 insize=66874 outsize=4621 ok=1
Cmd: compileComputeKernel
  api=14 insize=66874 outsize=3633 ok=1
Cmd: compileComputeKernel
  api=14 insize=66874 outsize=3605 ok=1
Cmd: compileComputeKernel
  api=14 insize=66874 outsize=4225 ok=1
Cmd: compileComputeKernel
  api=14 insize=66874 outsize=3545 ok=1
Cmd: compileComputeKernel
  api=14 insize=66874 outsize=3785 ok=1
Cmd: compileComputeKernel
  api=14 insize=66874 outsize=3753 ok=1
Cmd: compileComputeKernel
  api=14 insize=66874 outsize=3465 ok=1
Cmd: compileComputeKernel
  api=14 insize=66874 outsize=3425 ok=1
Cmd: compileComputeKernel
  api=14 insize=66874 outsize=3425 ok=1
Cmd: compileComputeKernel
  api=14 insize=66874 outsize=3509 ok=1
Cmd: compileComputeKernel
  api=14 insize=66874 outsize=3821 ok=1
Cmd: compileComputeKernel
  api=14 insize=66874 outsize=3521 ok=1
Cmd: compileComputeKernel
  api=14 insize=66874 outsize=3585 ok=1
Cmd: compileComputeKernel
  api=14 insize=66874 outsize=4121 ok=1
Cmd: compileComputeKernel
  api=14 insize=66874 outsize=3449 ok=1
Cmd: compileComputeKernel
  api=14 insize=66874 outsize=3425 ok=1
Cmd: compileComputeKernel
  api=14 insize=66874 outsize=3533 ok=1
Cmd: compileComputeKernel
  api=14 insize=66874 outsize=3505 ok=1
Cmd: compileComputeKernel
  api=14 insize=66874 outsize=4081 ok=1
Cmd: compileComputeKernel
  api=14 insize=66874 outsize=4077 ok=1
Cmd: compileComputeKernel
  api=14 insize=66874 outsize=4077 ok=1
Cmd: compileComputeKernel
  api=14 insize=66874 outsize=4233 ok=1
Cmd: compileComputeKernel
  api=14 insize=66874 outsize=4113 ok=1
Cmd: compileComputeKernel
  api=14 insize=66874 outsize=4109 ok=1
Cmd: compileComputeKernel
  api=14 insize=66874 outsize=4253 ok=1
Cmd: compileComputeKernel
  api=14 insize=66874 outsize=4253 ok=1
Cmd: compileComputeKernel
  api=14 insize=66874 outsize=3481 ok=1
Cmd: compileComputeKernel
  api=14 insize=66874 outsize=3481 ok=1
Cmd: compileComputeKernel
  api=14 insize=66874 outsize=3481 ok=1
Cmd: compileComputeKernel
  api=14 insize=66874 outsize=5065 ok=1
Cmd: compileComputeKernel
  api=14 insize=66874 outsize=3741 ok=1
Cmd: compileComputeKernel
  api=14 insize=66874 outsize=3921 ok=1
Cmd: compileComputeKernel
  api=14 insize=66874 outsize=3569 ok=1
Cmd: compileComputeKernel
  api=14 insize=66874 outsize=3061 ok=1
Cmd: compileComputeKernel
  api=14 insize=66874 outsize=3521 ok=1
Cmd: translateComputeKernel
  api=14 insize=4625 outsize=4693 ok=1
Cmd: translateComputeKernel
  api=14 insize=15945 outsize=28545 ok=1
Cmd: translateComputeKernel
  api=14 insize=4149 outsize=3877 ok=1
Cmd: translateComputeKernel
  api=14 insize=4149 outsize=3881 ok=1
Cmd: translateComputeKernel
  api=14 insize=4233 outsize=4009 ok=1
Cmd: translateComputeKernel
  api=14 insize=4545 outsize=4537 ok=1
Cmd: translateComputeKernel
  api=14 insize=4385 outsize=4225 ok=1
Cmd: translateComputeKernel
  api=14 insize=4185 outsize=3921 ok=1
Cmd: translateComputeKernel
  api=14 insize=4277 outsize=4113 ok=1
Cmd: translateComputeKernel
  api=14 insize=4773 outsize=5153 ok=1
Cmd: translateComputeKernel
  api=14 insize=4353 outsize=4173 ok=1
Cmd: translateComputeKernel
  api=14 insize=4173 outsize=3917 ok=1
Cmd: translateComputeKernel
  api=14 insize=4149 outsize=3881 ok=1
Cmd: translateComputeKernel
  api=14 insize=4193 outsize=3941 ok=1
Cmd: translateComputeKernel
  api=14 insize=4193 outsize=3941 ok=1
Cmd: translateComputeKernel
  api=14 insize=4445 outsize=4789 ok=1
Cmd: translateComputeKernel
  api=14 insize=4769 outsize=5265 ok=1
Cmd: translateComputeKernel
  api=14 insize=4765 outsize=5265 ok=1
Cmd: translateComputeKernel
  api=14 insize=5205 outsize=6057 ok=1
Cmd: translateComputeKernel
  api=14 insize=4765 outsize=5269 ok=1
Cmd: translateComputeKernel
  api=14 insize=4797 outsize=5309 ok=1
Cmd: translateComputeKernel
  api=14 insize=4793 outsize=5305 ok=1
Cmd: translateComputeKernel
  api=14 insize=4793 outsize=5305 ok=1
Cmd: translateComputeKernel
  api=14 insize=4941 outsize=5557 ok=1
Cmd: translateComputeKernel
  api=14 insize=4941 outsize=5557 ok=1
Cmd: translateComputeKernel
  api=14 insize=4205 outsize=4041 ok=1
Cmd: translateComputeKernel
  api=14 insize=4165 outsize=3957 ok=1
Cmd: translateComputeKernel
  api=14 insize=4257 outsize=4165 ok=1
Cmd: translateComputeKernel
  api=14 insize=4777 outsize=5105 ok=1
Cmd: translateComputeKernel
  api=14 insize=6129 outsize=7737 ok=1
Cmd: translateComputeKernel
  api=14 insize=4285 outsize=4073 ok=1
Cmd: translateComputeKernel
  api=14 insize=4617 outsize=4633 ok=1
Cmd: translateComputeKernel
  api=14 insize=4697 outsize=4781 ok=1
Cmd: translateComputeKernel
  api=14 insize=5433 outsize=6573 ok=1
Cmd: translateComputeKernel
  api=14 insize=4245 outsize=4085 ok=1
Cmd: translateComputeKernel
  api=14 insize=5333 outsize=6049 ok=1
Cmd: compileComputeKernel
  api=14 insize=4442 outsize=2721 ok=1
Cmd: compileComputeKernel
  api=14 insize=4442 outsize=2957 ok=1
Cmd: translateComputeKernel
  api=14 insize=2873 outsize=3301 ok=1
Cmd: translateComputeKernel
  api=14 insize=3085 outsize=3861 ok=1
Cmd: compileComputeKernel
  api=14 insize=1900 outsize=4449 ok=1
Cmd: translateComputeKernel
  api=14 insize=4449 outsize=7673 ok=1
Cmd: compileComputeKernel
  api=14 insize=34089 outsize=2249 ok=1
Cmd: compileComputeKernel
  api=14 insize=34089 outsize=2153 ok=1
Cmd: compileComputeKernel
  api=14 insize=34089 outsize=1145 ok=1
Cmd: compileComputeKernel
  api=14 insize=34089 outsize=2253 ok=1
Cmd: compileComputeKernel
  api=14 insize=34089 outsize=2189 ok=1
Cmd: compileComputeKernel
  api=14 insize=34089 outsize=2637 ok=1
Cmd: compileComputeKernel
  api=14 insize=34089 outsize=2485 ok=1
Cmd: compileComputeKernel
  api=14 insize=34089 outsize=2229 ok=1
Cmd: compileComputeKernel
  api=14 insize=34089 outsize=2429 ok=1
Cmd: compileComputeKernel
  api=14 insize=34089 outsize=2325 ok=1
Cmd: compileComputeKernel
  api=14 insize=34089 outsize=2177 ok=1
Cmd: compileComputeKernel
  api=14 insize=34089 outsize=1145 ok=1
Cmd: compileComputeKernel
  api=14 insize=34089 outsize=2333 ok=1
Cmd: compileComputeKernel
  api=14 insize=34089 outsize=2261 ok=1
Cmd: compileComputeKernel
  api=14 insize=34089 outsize=2733 ok=1
Cmd: compileComputeKernel
  api=14 insize=34089 outsize=2709 ok=1
Cmd: compileComputeKernel
  api=14 insize=34089 outsize=2737 ok=1
Cmd: compileComputeKernel
  api=14 insize=34089 outsize=3033 ok=1
Cmd: compileComputeKernel
  api=14 insize=34089 outsize=3001 ok=1
Cmd: compileComputeKernel
  api=14 insize=34089 outsize=2849 ok=1
Cmd: compileComputeKernel
  api=14 insize=34089 outsize=2841 ok=1
Cmd: compileComputeKernel
  api=14 insize=34089 outsize=2945 ok=1
Cmd: compileComputeKernel
  api=14 insize=34089 outsize=2817 ok=1
Cmd: compileComputeKernel
  api=14 insize=34089 outsize=2789 ok=1
Cmd: compileComputeKernel
  api=14 insize=34089 outsize=2789 ok=1
Cmd: compileComputeKernel
  api=14 insize=34089 outsize=2765 ok=1
Cmd: compileComputeKernel
  api=14 insize=34089 outsize=2789 ok=1
Cmd: compileComputeKernel
  api=14 insize=34089 outsize=3097 ok=1
Cmd: compileComputeKernel
  api=14 insize=34089 outsize=2873 ok=1
Cmd: translateComputeKernel
  api=14 insize=2361 outsize=1877 ok=1
Cmd: translateComputeKernel
  api=14 insize=2361 outsize=1881 ok=1
Cmd: translateComputeKernel
  api=14 insize=2361 outsize=1881 ok=1
Cmd: translateComputeKernel
  api=14 insize=2365 outsize=1901 ok=1
Cmd: translateComputeKernel
  api=14 insize=2425 outsize=2009 ok=1
Cmd: translateComputeKernel
  api=14 insize=2397 outsize=1917 ok=1
Cmd: translateComputeKernel
  api=14 insize=2565 outsize=2145 ok=1
Cmd: translateComputeKernel
  api=14 insize=2597 outsize=2193 ok=1
Cmd: translateComputeKernel
  api=14 insize=2445 outsize=2001 ok=1
Cmd: translateComputeKernel
  api=14 insize=2505 outsize=2121 ok=1
Cmd: translateComputeKernel
  api=14 insize=2509 outsize=2097 ok=1
Cmd: translateComputeKernel
  api=14 insize=2405 outsize=1953 ok=1
Cmd: translateComputeKernel
  api=14 insize=2465 outsize=2069 ok=1
Cmd: translateComputeKernel
  api=14 insize=2445 outsize=2029 ok=1
Cmd: translateComputeKernel
  api=14 insize=2421 outsize=1993 ok=1
Cmd: translateComputeKernel
  api=14 insize=2401 outsize=1925 ok=1
Cmd: translateComputeKernel
  api=14 insize=2405 outsize=1941 ok=1
Cmd: translateComputeKernel
  api=14 insize=2945 outsize=3009 ok=1
Cmd: translateComputeKernel
  api=14 insize=2973 outsize=3045 ok=1
Cmd: translateComputeKernel
  api=14 insize=3561 outsize=4273 ok=1
Cmd: translateComputeKernel
  api=14 insize=3141 outsize=3293 ok=1
Cmd: translateComputeKernel
  api=14 insize=3149 outsize=3457 ok=1
Cmd: translateComputeKernel
  api=14 insize=3021 outsize=3133 ok=1
Cmd: translateComputeKernel
  api=14 insize=3013 outsize=3125 ok=1
Cmd: translateComputeKernel
  api=14 insize=3085 outsize=3237 ok=1
Cmd: translateComputeKernel
  api=14 insize=2981 outsize=3077 ok=1
Cmd: translateComputeKernel
  api=14 insize=2917 outsize=3189 ok=1
Cmd: translateComputeKernel
  api=14 insize=2961 outsize=3041 ok=1
Cmd: translateComputeKernel
  api=14 insize=2901 outsize=3157 ok=1
Cmd: translateComputeKernel
  api=14 insize=2913 outsize=3145 ok=1
Cmd: translateComputeKernel
  api=14 insize=2969 outsize=3217 ok=1
Cmd: translateComputeKernel
  api=14 insize=3281 outsize=3589 ok=1
Cmd: translateComputeKernel
  api=14 insize=2981 outsize=3065 ok=1
Cmd: translateComputeKernel
  api=14 insize=2917 outsize=3177 ok=1
Cmd: initializeCompiler
Cmd: initializeCompiler
Cmd: initializeCompiler
Cmd: initializeCompiler

Quitting shader compiler process
