Base path: /Applications/Unity/Hub/Editor/2018.4.17f1/Unity.app/Contents
Cmd: initializeCompiler
Cmd: compileComputeKernel
  api=14 insize=12109 outsize=3253 ok=1
Cmd: compileComputeKernel
  api=14 insize=12109 outsize=3713 ok=1
Cmd: compileComputeKernel
  api=14 insize=12109 outsize=3693 ok=1
Cmd: compileComputeKernel
  api=14 insize=12109 outsize=3785 ok=1
Cmd: compileComputeKernel
  api=14 insize=12109 outsize=4265 ok=1
Cmd: compileComputeKernel
  api=14 insize=12109 outsize=2997 ok=1
Cmd: translateComputeKernel
  api=14 insize=3493 outsize=3953 ok=1
Cmd: translateComputeKernel
  api=14 insize=3093 outsize=2977 ok=1
Cmd: translateComputeKernel
  api=14 insize=3157 outsize=3165 ok=1
Cmd: translateComputeKernel
  api=14 insize=3825 outsize=4265 ok=1
Cmd: translateComputeKernel
  api=14 insize=3493 outsize=3829 ok=1
Cmd: translateComputeKernel
  api=14 insize=4161 outsize=5417 ok=1
Cmd: translateComputeKernel
  api=14 insize=3525 outsize=4137 ok=1
Cmd: compileComputeKernel
  api=14 insize=72903 outsize=9669 ok=1
Cmd: translateComputeKernel
  api=14 insize=4117 outsize=6989 ok=1
Cmd: translateComputeKernel
  api=14 insize=6829 outsize=11141 ok=1
Cmd: compileComputeKernel
  api=14 insize=11985 outsize=2885 ok=1
Cmd: compileComputeKernel
  api=14 insize=11985 outsize=2881 ok=1
Cmd: compileComputeKernel
  api=14 insize=11985 outsize=2881 ok=1
Cmd: compileComputeKernel
  api=14 insize=11985 outsize=2913 ok=1
Cmd: compileComputeKernel
  api=14 insize=11985 outsize=2909 ok=1
Cmd: compileComputeKernel
  api=14 insize=11985 outsize=2909 ok=1
Cmd: compileComputeKernel
  api=14 insize=11985 outsize=2941 ok=1
Cmd: translateComputeKernel
  api=14 insize=2953 outsize=3425 ok=1
Cmd: translateComputeKernel
  api=14 insize=2953 outsize=3425 ok=1
Cmd: translateComputeKernel
  api=14 insize=3393 outsize=4209 ok=1
Cmd: translateComputeKernel
  api=14 insize=2953 outsize=3429 ok=1
Cmd: translateComputeKernel
  api=14 insize=2985 outsize=3469 ok=1
Cmd: translateComputeKernel
  api=14 insize=2989 outsize=3477 ok=1
Cmd: translateComputeKernel
  api=14 insize=2985 outsize=3473 ok=1
Cmd: translateComputeKernel
  api=14 insize=2981 outsize=3469 ok=1
Cmd: translateComputeKernel
  api=14 insize=3013 outsize=3505 ok=1
Cmd: translateComputeKernel
  api=14 insize=3101 outsize=3681 ok=1
Cmd: compileComputeKernel
  api=14 insize=79248 outsize=9137 ok=1
Cmd: compileComputeKernel
  api=14 insize=79248 outsize=16265 ok=1
Cmd: compileComputeKernel
  api=14 insize=79248 outsize=23517 ok=1
Cmd: compileComputeKernel
  api=14 insize=79248 outsize=35529 ok=1
Cmd: compileComputeKernel
  api=14 insize=79248 outsize=36249 ok=1
Cmd: translateComputeKernel
  api=14 insize=9173 outsize=17713 ok=1
Cmd: translateComputeKernel
  api=14 insize=16301 outsize=32309 ok=1
Cmd: translateComputeKernel
  api=14 insize=23629 outsize=49281 ok=1
Cmd: translateComputeKernel
  api=14 insize=26673 outsize=55053 ok=1
Cmd: translateComputeKernel
  api=14 insize=31813 outsize=60153 ok=1
Cmd: compileComputeKernel
  api=14 insize=18301 outsize=3797 ok=1
Cmd: compileComputeKernel
  api=14 insize=18301 outsize=4717 ok=1
Cmd: compileComputeKernel
  api=14 insize=18301 outsize=4657 ok=1
Cmd: compileComputeKernel
  api=14 insize=18301 outsize=7197 ok=1
Cmd: translateComputeKernel
  api=14 insize=3909 outsize=4753 ok=1
Cmd: translateComputeKernel
  api=14 insize=5129 outsize=7949 ok=1
Cmd: translateComputeKernel
  api=14 insize=4985 outsize=7697 ok=1
Cmd: translateComputeKernel
  api=14 insize=7565 outsize=12953 ok=1
Cmd: compileComputeKernel
  api=14 insize=66874 outsize=4049 ok=1
Cmd: compileComputeKernel
  api=14 insize=66874 outsize=15577 ok=1
Cmd: compileComputeKernel
  api=14 insize=66874 outsize=3633 ok=1
Cmd: compileComputeKernel
  api=14 insize=66874 outsize=3829 ok=1
Cmd: compileComputeKernel
  api=14 insize=66874 outsize=4173 ok=1
Cmd: compileComputeKernel
  api=14 insize=66874 outsize=3569 ok=1
Cmd: compileComputeKernel
  api=14 insize=66874 outsize=3977 ok=1
Cmd: compileComputeKernel
  api=14 insize=66874 outsize=5657 ok=1
Cmd: compileComputeKernel
  api=14 insize=66874 outsize=3425 ok=1
Cmd: compileComputeKernel
  api=14 insize=66874 outsize=3425 ok=1
Cmd: compileComputeKernel
  api=14 insize=66874 outsize=3449 ok=1
Cmd: compileComputeKernel
  api=14 insize=66874 outsize=3769 ok=1
Cmd: compileComputeKernel
  api=14 insize=66874 outsize=3661 ok=1
Cmd: compileComputeKernel
  api=14 insize=66874 outsize=3461 ok=1
Cmd: compileComputeKernel
  api=14 insize=66874 outsize=3501 ok=1
Cmd: compileComputeKernel
  api=14 insize=66874 outsize=3693 ok=1
Cmd: compileComputeKernel
  api=14 insize=66874 outsize=3449 ok=1
Cmd: compileComputeKernel
  api=14 insize=66874 outsize=3917 ok=1
Cmd: compileComputeKernel
  api=14 insize=66874 outsize=3721 ok=1
Cmd: compileComputeKernel
  api=14 insize=66874 outsize=4081 ok=1
Cmd: compileComputeKernel
  api=14 insize=66874 outsize=4077 ok=1
Cmd: compileComputeKernel
  api=14 insize=66874 outsize=4077 ok=1
Cmd: compileComputeKernel
  api=14 insize=66874 outsize=4077 ok=1
Cmd: compileComputeKernel
  api=14 insize=66874 outsize=4109 ok=1
Cmd: compileComputeKernel
  api=14 insize=66874 outsize=4105 ok=1
Cmd: compileComputeKernel
  api=14 insize=66874 outsize=4105 ok=1
Cmd: compileComputeKernel
  api=14 insize=66874 outsize=4253 ok=1
Cmd: compileComputeKernel
  api=14 insize=66874 outsize=3465 ok=1
Cmd: compileComputeKernel
  api=14 insize=66874 outsize=3441 ok=1
Cmd: compileComputeKernel
  api=14 insize=66874 outsize=3533 ok=1
Cmd: compileComputeKernel
  api=14 insize=66874 outsize=4153 ok=1
Cmd: compileComputeKernel
  api=14 insize=66874 outsize=5529 ok=1
Cmd: compileComputeKernel
  api=14 insize=66874 outsize=3589 ok=1
Cmd: compileComputeKernel
  api=14 insize=66874 outsize=4001 ok=1
Cmd: compileComputeKernel
  api=14 insize=66874 outsize=4777 ok=1
Cmd: compileComputeKernel
  api=14 insize=66874 outsize=4737 ok=1
Cmd: translateComputeKernel
  api=14 insize=5733 outsize=7613 ok=1
Cmd: translateComputeKernel
  api=14 insize=5677 outsize=7117 ok=1
Cmd: translateComputeKernel
  api=14 insize=5977 outsize=8237 ok=1
Cmd: translateComputeKernel
  api=14 insize=5465 outsize=6289 ok=1
Cmd: translateComputeKernel
  api=14 insize=4497 outsize=4549 ok=1
Cmd: translateComputeKernel
  api=14 insize=5497 outsize=6377 ok=1
Cmd: translateComputeKernel
  api=14 insize=4325 outsize=4177 ok=1
Cmd: translateComputeKernel
  api=14 insize=4325 outsize=4189 ok=1
Cmd: translateComputeKernel
  api=14 insize=4297 outsize=4209 ok=1
Cmd: translateComputeKernel
  api=14 insize=4493 outsize=4501 ok=1
Cmd: translateComputeKernel
  api=14 insize=4857 outsize=5709 ok=1
Cmd: translateComputeKernel
  api=14 insize=4805 outsize=5441 ok=1
Cmd: translateComputeKernel
  api=14 insize=4197 outsize=4113 ok=1
Cmd: translateComputeKernel
  api=14 insize=4269 outsize=4237 ok=1
Cmd: translateComputeKernel
  api=14 insize=4293 outsize=4293 ok=1
Cmd: translateComputeKernel
  api=14 insize=4357 outsize=4425 ok=1
Cmd: translateComputeKernel
  api=14 insize=4529 outsize=4785 ok=1
Cmd: translateComputeKernel
  api=14 insize=4509 outsize=4765 ok=1
Cmd: translateComputeKernel
  api=14 insize=4629 outsize=4741 ok=1
Cmd: translateComputeKernel
  api=14 insize=4629 outsize=4741 ok=1
Cmd: translateComputeKernel
  api=14 insize=6273 outsize=8021 ok=1
Cmd: translateComputeKernel
  api=14 insize=4413 outsize=4293 ok=1
Cmd: translateComputeKernel
  api=14 insize=4189 outsize=3921 ok=1
Cmd: translateComputeKernel
  api=14 insize=4189 outsize=3921 ok=1
Cmd: translateComputeKernel
  api=14 insize=4149 outsize=3877 ok=1
Cmd: translateComputeKernel
  api=14 insize=4149 outsize=3873 ok=1
Cmd: translateComputeKernel
  api=14 insize=4149 outsize=3881 ok=1
Cmd: translateComputeKernel
  api=14 insize=4149 outsize=3881 ok=1
Cmd: translateComputeKernel
  api=14 insize=4173 outsize=3893 ok=1
Cmd: translateComputeKernel
  api=14 insize=4493 outsize=4465 ok=1
Cmd: translateComputeKernel
  api=14 insize=4545 outsize=4537 ok=1
Cmd: translateComputeKernel
  api=14 insize=4245 outsize=3993 ok=1
Cmd: translateComputeKernel
  api=14 insize=4185 outsize=3921 ok=1
Cmd: translateComputeKernel
  api=14 insize=4193 outsize=3957 ok=1
Cmd: translateComputeKernel
  api=14 insize=4773 outsize=5153 ok=1
Cmd: translateComputeKernel
  api=14 insize=4173 outsize=3917 ok=1
Cmd: translateComputeKernel
  api=14 insize=4173 outsize=3917 ok=1
Cmd: translateComputeKernel
  api=14 insize=4609 outsize=4645 ok=1
Cmd: translateComputeKernel
  api=14 insize=4201 outsize=3921 ok=1
Cmd: translateComputeKernel
  api=14 insize=4765 outsize=5265 ok=1
Cmd: translateComputeKernel
  api=14 insize=4765 outsize=5265 ok=1
Cmd: translateComputeKernel
  api=14 insize=4765 outsize=5265 ok=1
Cmd: translateComputeKernel
  api=14 insize=4765 outsize=5269 ok=1
Cmd: translateComputeKernel
  api=14 insize=4765 outsize=5269 ok=1
Cmd: translateComputeKernel
  api=14 insize=4849 outsize=5405 ok=1
Cmd: translateComputeKernel
  api=14 insize=4801 outsize=5313 ok=1
Cmd: translateComputeKernel
  api=14 insize=4797 outsize=5309 ok=1
Cmd: translateComputeKernel
  api=14 insize=4793 outsize=5305 ok=1
Cmd: translateComputeKernel
  api=14 insize=4941 outsize=5553 ok=1
Cmd: translateComputeKernel
  api=14 insize=4941 outsize=5557 ok=1
Cmd: translateComputeKernel
  api=14 insize=4189 outsize=3929 ok=1
Cmd: translateComputeKernel
  api=14 insize=4165 outsize=3953 ok=1
Cmd: translateComputeKernel
  api=14 insize=4205 outsize=4029 ok=1
Cmd: translateComputeKernel
  api=14 insize=4165 outsize=3941 ok=1
Cmd: translateComputeKernel
  api=14 insize=4929 outsize=5453 ok=1
Cmd: compileComputeKernel
  api=14 insize=4442 outsize=2873 ok=1
Cmd: compileComputeKernel
  api=14 insize=4442 outsize=3021 ok=1
Cmd: translateComputeKernel
  api=14 insize=2873 outsize=3289 ok=1
Cmd: compileComputeKernel
  api=14 insize=1900 outsize=4449 ok=1
Cmd: translateComputeKernel
  api=14 insize=4449 outsize=7673 ok=1
Cmd: compileComputeKernel
  api=14 insize=34089 outsize=1153 ok=1
Cmd: compileComputeKernel
  api=14 insize=34089 outsize=1145 ok=1
Cmd: compileComputeKernel
  api=14 insize=34089 outsize=2249 ok=1
Cmd: compileComputeKernel
  api=14 insize=34089 outsize=2257 ok=1
Cmd: compileComputeKernel
  api=14 insize=34089 outsize=1217 ok=1
Cmd: compileComputeKernel
  api=14 insize=34089 outsize=1617 ok=1
Cmd: compileComputeKernel
  api=14 insize=34089 outsize=1313 ok=1
Cmd: compileComputeKernel
  api=14 insize=34089 outsize=2333 ok=1
Cmd: compileComputeKernel
  api=14 insize=34089 outsize=2229 ok=1
Cmd: compileComputeKernel
  api=14 insize=34089 outsize=2177 ok=1
Cmd: compileComputeKernel
  api=14 insize=34089 outsize=2273 ok=1
Cmd: compileComputeKernel
  api=14 insize=34089 outsize=2249 ok=1
Cmd: compileComputeKernel
  api=14 insize=34089 outsize=2193 ok=1
Cmd: compileComputeKernel
  api=14 insize=34089 outsize=2317 ok=1
Cmd: compileComputeKernel
  api=14 insize=34089 outsize=2773 ok=1
Cmd: compileComputeKernel
  api=14 insize=34089 outsize=2801 ok=1
Cmd: compileComputeKernel
  api=14 insize=34089 outsize=3461 ok=1
Cmd: compileComputeKernel
  api=14 insize=34089 outsize=3009 ok=1
Cmd: compileComputeKernel
  api=14 insize=34089 outsize=3001 ok=1
Cmd: compileComputeKernel
  api=14 insize=34089 outsize=2849 ok=1
Cmd: compileComputeKernel
  api=14 insize=34089 outsize=2821 ok=1
Cmd: compileComputeKernel
  api=14 insize=34089 outsize=2925 ok=1
Cmd: compileComputeKernel
  api=14 insize=34089 outsize=2841 ok=1
Cmd: compileComputeKernel
  api=14 insize=34089 outsize=2769 ok=1
Cmd: compileComputeKernel
  api=14 insize=34089 outsize=2789 ok=1
Cmd: compileComputeKernel
  api=14 insize=34089 outsize=2741 ok=1
Cmd: compileComputeKernel
  api=14 insize=34089 outsize=2849 ok=1
Cmd: compileComputeKernel
  api=14 insize=34089 outsize=3109 ok=1
Cmd: compileComputeKernel
  api=14 insize=34089 outsize=2809 ok=1
Cmd: translateComputeKernel
  api=14 insize=2421 outsize=1989 ok=1
Cmd: translateComputeKernel
  api=14 insize=2421 outsize=1985 ok=1
Cmd: translateComputeKernel
  api=14 insize=2421 outsize=1993 ok=1
Cmd: translateComputeKernel
  api=14 insize=2421 outsize=1993 ok=1
Cmd: translateComputeKernel
  api=14 insize=2369 outsize=1885 ok=1
Cmd: translateComputeKernel
  api=14 insize=2429 outsize=1997 ok=1
Cmd: translateComputeKernel
  api=14 insize=1481 outsize=1513 ok=1
Cmd: translateComputeKernel
  api=14 insize=2817 outsize=2509 ok=1
Cmd: translateComputeKernel
  api=14 insize=1881 outsize=2025 ok=1
Cmd: translateComputeKernel
  api=14 insize=2437 outsize=1989 ok=1
Cmd: translateComputeKernel
  api=14 insize=2497 outsize=2113 ok=1
Cmd: translateComputeKernel
  api=14 insize=2569 outsize=2229 ok=1
Cmd: translateComputeKernel
  api=14 insize=2385 outsize=1913 ok=1
Cmd: translateComputeKernel
  api=14 insize=2445 outsize=2029 ok=1
Cmd: translateComputeKernel
  api=14 insize=2361 outsize=1881 ok=1
Cmd: translateComputeKernel
  api=14 insize=2521 outsize=2153 ok=1
Cmd: translateComputeKernel
  api=14 insize=2461 outsize=2057 ok=1
Cmd: translateComputeKernel
  api=14 insize=2465 outsize=2053 ok=1
Cmd: translateComputeKernel
  api=14 insize=2945 outsize=3009 ok=1
Cmd: translateComputeKernel
  api=14 insize=2949 outsize=3181 ok=1
Cmd: translateComputeKernel
  api=14 insize=3141 outsize=3293 ok=1
Cmd: translateComputeKernel
  api=14 insize=3173 outsize=3349 ok=1
Cmd: translateComputeKernel
  api=14 insize=3173 outsize=3349 ok=1
Cmd: translateComputeKernel
  api=14 insize=3021 outsize=3133 ok=1
Cmd: translateComputeKernel
  api=14 insize=3013 outsize=3125 ok=1
Cmd: translateComputeKernel
  api=14 insize=2953 outsize=3233 ok=1
Cmd: translateComputeKernel
  api=14 insize=3025 outsize=3337 ok=1
Cmd: translateComputeKernel
  api=14 insize=2957 outsize=3217 ok=1
Cmd: translateComputeKernel
  api=14 insize=2941 outsize=3181 ok=1
Cmd: translateComputeKernel
  api=14 insize=2961 outsize=3041 ok=1
Cmd: translateComputeKernel
  api=14 insize=2937 outsize=3005 ok=1
Cmd: translateComputeKernel
  api=14 insize=2989 outsize=3081 ok=1
Cmd: translateComputeKernel
  api=14 insize=3269 outsize=3597 ok=1
Cmd: translateComputeKernel
  api=14 insize=2957 outsize=3201 ok=1
Cmd: initializeCompiler
Cmd: initializeCompiler
Cmd: initializeCompiler
Cmd: initializeCompiler
