Base path: '/Applications/Unity/Hub/Editor/2019.4.0f1/Unity.app/Contents', plugins path '/Applications/Unity/Hub/Editor/2019.4.0f1/Unity.app/Contents/PlaybackEngines'
Cmd: initializeCompiler
Cmd: compileComputeKernel
  api=14 insize=12109 outsize=3286 ok=1
Cmd: compileComputeKernel
  api=14 insize=12109 outsize=2988 ok=1
Cmd: compileComputeKernel
  api=14 insize=12109 outsize=3204 ok=1
Cmd: translateComputeKernel
  api=14 insize=3457 outsize=4240 ok=1
Cmd: translateComputeKernel
  api=14 insize=3057 outsize=3263 ok=1
Cmd: translateComputeKernel
  api=14 insize=3830 outsize=4537 ok=1
Cmd: translateComputeKernel
  api=14 insize=3869 outsize=4792 ok=1
Cmd: translateComputeKernel
  api=14 insize=3470 outsize=4130 ok=1
Cmd: translateComputeKernel
  api=14 insize=4138 outsize=5719 ok=1
Cmd: compileComputeKernel
  api=14 insize=11985 outsize=2853 ok=1
Cmd: compileComputeKernel
  api=14 insize=11985 outsize=2853 ok=1
Cmd: compileComputeKernel
  api=14 insize=11985 outsize=2853 ok=1
Cmd: compileComputeKernel
  api=14 insize=11985 outsize=2853 ok=1
Cmd: compileComputeKernel
  api=14 insize=11985 outsize=2885 ok=1
Cmd: compileComputeKernel
  api=14 insize=11985 outsize=2882 ok=1
Cmd: compileComputeKernel
  api=14 insize=11985 outsize=2883 ok=1
Cmd: compileComputeKernel
  api=14 insize=11985 outsize=2916 ok=1
Cmd: translateComputeKernel
  api=14 insize=2927 outsize=3720 ok=1
Cmd: translateComputeKernel
  api=14 insize=2923 outsize=3721 ok=1
Cmd: translateComputeKernel
  api=14 insize=2955 outsize=3763 ok=1
Cmd: translateComputeKernel
  api=14 insize=2952 outsize=3760 ok=1
Cmd: translateComputeKernel
  api=14 insize=2953 outsize=3762 ok=1
Cmd: compileComputeKernel
  api=14 insize=18301 outsize=3861 ok=1
Cmd: compileComputeKernel
  api=14 insize=18301 outsize=4711 ok=1
Cmd: compileComputeKernel
  api=14 insize=18301 outsize=4804 ok=1
Cmd: compileComputeKernel
  api=14 insize=18301 outsize=7409 ok=1
Cmd: translateComputeKernel
  api=14 insize=3895 outsize=5344 ok=1
Cmd: translateComputeKernel
  api=14 insize=5117 outsize=8509 ok=1
Cmd: translateComputeKernel
  api=14 insize=4909 outsize=8276 ok=1
Cmd: translateComputeKernel
  api=14 insize=4849 outsize=8116 ok=1
Cmd: translateComputeKernel
  api=14 insize=7267 outsize=12967 ok=1
Cmd: compileComputeKernel
  api=14 insize=66874 outsize=4002 ok=1
Cmd: compileComputeKernel
  api=14 insize=66874 outsize=15351 ok=1
Cmd: compileComputeKernel
  api=14 insize=66874 outsize=3621 ok=1
Cmd: compileComputeKernel
  api=14 insize=66874 outsize=3821 ok=1
Cmd: compileComputeKernel
  api=14 insize=66874 outsize=4161 ok=1
Cmd: compileComputeKernel
  api=14 insize=66874 outsize=3627 ok=1
Cmd: compileComputeKernel
  api=14 insize=66874 outsize=3933 ok=1
Cmd: compileComputeKernel
  api=14 insize=66874 outsize=5611 ok=1
Cmd: compileComputeKernel
  api=14 insize=66874 outsize=3419 ok=1
Cmd: compileComputeKernel
  api=14 insize=66874 outsize=3416 ok=1
Cmd: compileComputeKernel
  api=14 insize=66874 outsize=3442 ok=1
Cmd: compileComputeKernel
  api=14 insize=66874 outsize=3763 ok=1
Cmd: compileComputeKernel
  api=14 insize=66874 outsize=3652 ok=1
Cmd: compileComputeKernel
  api=14 insize=66874 outsize=3453 ok=1
Cmd: compileComputeKernel
  api=14 insize=66874 outsize=3491 ok=1
Cmd: compileComputeKernel
  api=14 insize=66874 outsize=3679 ok=1
Cmd: compileComputeKernel
  api=14 insize=66874 outsize=3443 ok=1
Cmd: compileComputeKernel
  api=14 insize=66874 outsize=3416 ok=1
Cmd: compileComputeKernel
  api=14 insize=66874 outsize=3519 ok=1
Cmd: compileComputeKernel
  api=14 insize=66874 outsize=4051 ok=1
Cmd: compileComputeKernel
  api=14 insize=66874 outsize=4051 ok=1
Cmd: compileComputeKernel
  api=14 insize=66874 outsize=4491 ok=1
Cmd: compileComputeKernel
  api=14 insize=66874 outsize=4051 ok=1
Cmd: compileComputeKernel
  api=14 insize=66874 outsize=4083 ok=1
Cmd: compileComputeKernel
  api=14 insize=66874 outsize=4080 ok=1
Cmd: compileComputeKernel
  api=14 insize=66874 outsize=4081 ok=1
Cmd: compileComputeKernel
  api=14 insize=66874 outsize=4230 ok=1
Cmd: compileComputeKernel
  api=14 insize=66874 outsize=4230 ok=1
Cmd: compileComputeKernel
  api=14 insize=66874 outsize=3473 ok=1
Cmd: compileComputeKernel
  api=14 insize=66874 outsize=3473 ok=1
Cmd: compileComputeKernel
  api=14 insize=66874 outsize=3474 ok=1
Cmd: compileComputeKernel
  api=14 insize=66874 outsize=5052 ok=1
Cmd: compileComputeKernel
  api=14 insize=66874 outsize=3726 ok=1
Cmd: compileComputeKernel
  api=14 insize=66874 outsize=3912 ok=1
Cmd: compileComputeKernel
  api=14 insize=66874 outsize=3559 ok=1
Cmd: compileComputeKernel
  api=14 insize=66874 outsize=3053 ok=1
Cmd: compileComputeKernel
  api=14 insize=66874 outsize=4615 ok=1
Cmd: translateComputeKernel
  api=14 insize=5725 outsize=7691 ok=1
Cmd: translateComputeKernel
  api=14 insize=5598 outsize=7129 ok=1
Cmd: translateComputeKernel
  api=14 insize=5898 outsize=8249 ok=1
Cmd: translateComputeKernel
  api=14 insize=4363 outsize=4525 ok=1
Cmd: translateComputeKernel
  api=14 insize=5263 outsize=6053 ok=1
Cmd: translateComputeKernel
  api=14 insize=4447 outsize=4584 ok=1
Cmd: translateComputeKernel
  api=14 insize=5295 outsize=6142 ok=1
Cmd: translateComputeKernel
  api=14 insize=4273 outsize=4201 ok=1
Cmd: translateComputeKernel
  api=14 insize=4273 outsize=4211 ok=1
Cmd: translateComputeKernel
  api=14 insize=4245 outsize=4249 ok=1
Cmd: translateComputeKernel
  api=14 insize=4443 outsize=4537 ok=1
Cmd: translateComputeKernel
  api=14 insize=4806 outsize=5750 ok=1
Cmd: translateComputeKernel
  api=14 insize=4148 outsize=4156 ok=1
Cmd: translateComputeKernel
  api=14 insize=4220 outsize=4279 ok=1
Cmd: translateComputeKernel
  api=14 insize=4308 outsize=4467 ok=1
Cmd: translateComputeKernel
  api=14 insize=4460 outsize=4810 ok=1
Cmd: translateComputeKernel
  api=14 insize=6191 outsize=8033 ok=1
Cmd: translateComputeKernel
  api=14 insize=4364 outsize=4337 ok=1
Cmd: translateComputeKernel
  api=14 insize=4137 outsize=3963 ok=1
Cmd: translateComputeKernel
  api=14 insize=4100 outsize=3919 ok=1
Cmd: translateComputeKernel
  api=14 insize=4100 outsize=3917 ok=1
Cmd: translateComputeKernel
  api=14 insize=4097 outsize=3921 ok=1
Cmd: translateComputeKernel
  api=14 insize=4098 outsize=3923 ok=1
Cmd: translateComputeKernel
  api=14 insize=4182 outsize=4052 ok=1
Cmd: translateComputeKernel
  api=14 insize=4182 outsize=4052 ok=1
Cmd: translateComputeKernel
  api=14 insize=4444 outsize=4509 ok=1
Cmd: translateComputeKernel
  api=14 insize=4495 outsize=4578 ok=1
Cmd: translateComputeKernel
  api=14 insize=4196 outsize=4038 ok=1
Cmd: translateComputeKernel
  api=14 insize=4134 outsize=3963 ok=1
Cmd: translateComputeKernel
  api=14 insize=4228 outsize=4157 ok=1
Cmd: translateComputeKernel
  api=14 insize=4142 outsize=3997 ok=1
Cmd: translateComputeKernel
  api=14 insize=4707 outsize=5180 ok=1
Cmd: translateComputeKernel
  api=14 insize=4124 outsize=3960 ok=1
Cmd: translateComputeKernel
  api=14 insize=4097 outsize=3921 ok=1
Cmd: translateComputeKernel
  api=14 insize=4560 outsize=4688 ok=1
Cmd: translateComputeKernel
  api=14 insize=4149 outsize=3952 ok=1
Cmd: translateComputeKernel
  api=14 insize=4702 outsize=5292 ok=1
Cmd: translateComputeKernel
  api=14 insize=4698 outsize=5289 ok=1
Cmd: translateComputeKernel
  api=14 insize=4698 outsize=5293 ok=1
Cmd: translateComputeKernel
  api=14 insize=4783 outsize=5431 ok=1
Cmd: translateComputeKernel
  api=14 insize=4727 outsize=5332 ok=1
Cmd: translateComputeKernel
  api=14 insize=4728 outsize=5334 ok=1
Cmd: translateComputeKernel
  api=14 insize=4876 outsize=5583 ok=1
Cmd: translateComputeKernel
  api=14 insize=4877 outsize=5584 ok=1
Cmd: translateComputeKernel
  api=14 insize=4114 outsize=3996 ok=1
Cmd: translateComputeKernel
  api=14 insize=4207 outsize=4206 ok=1
Cmd: translateComputeKernel
  api=14 insize=4115 outsize=3982 ok=1
Cmd: translateComputeKernel
  api=14 insize=6190 outsize=8279 ok=1
Cmd: translateComputeKernel
  api=14 insize=4321 outsize=4319 ok=1
Cmd: translateComputeKernel
  api=14 insize=4565 outsize=4708 ok=1
Cmd: translateComputeKernel
  api=14 insize=4181 outsize=4013 ok=1
Cmd: translateComputeKernel
  api=14 insize=5384 outsize=6580 ok=1
Cmd: translateComputeKernel
  api=14 insize=5284 outsize=6091 ok=1
Cmd: compileComputeKernel
  api=14 insize=72903 outsize=9220 ok=1
Cmd: compileComputeKernel
  api=14 insize=72903 outsize=8155 ok=1
Cmd: translateComputeKernel
  api=14 insize=6800 outsize=11380 ok=1
Cmd: translateComputeKernel
  api=14 insize=5039 outsize=8066 ok=1
Cmd: compileComputeKernel
  api=14 insize=34089 outsize=2149 ok=1
Cmd: compileComputeKernel
  api=14 insize=34089 outsize=2146 ok=1
Cmd: compileComputeKernel
  api=14 insize=34089 outsize=1151 ok=1
Cmd: compileComputeKernel
  api=14 insize=34089 outsize=1156 ok=1
Cmd: compileComputeKernel
  api=14 insize=34089 outsize=1223 ok=1
Cmd: compileComputeKernel
  api=14 insize=34089 outsize=2504 ok=1
Cmd: compileComputeKernel
  api=14 insize=34089 outsize=2231 ok=1
Cmd: compileComputeKernel
  api=14 insize=34089 outsize=1305 ok=1
Cmd: compileComputeKernel
  api=14 insize=34089 outsize=2422 ok=1
Cmd: compileComputeKernel
  api=14 insize=34089 outsize=2316 ok=1
Cmd: compileComputeKernel
  api=14 insize=34089 outsize=2173 ok=1
Cmd: compileComputeKernel
  api=14 insize=34089 outsize=2241 ok=1
Cmd: compileComputeKernel
  api=14 insize=34089 outsize=2188 ok=1
Cmd: compileComputeKernel
  api=14 insize=34089 outsize=2249 ok=1
Cmd: compileComputeKernel
  api=14 insize=34089 outsize=2706 ok=1
Cmd: compileComputeKernel
  api=14 insize=34089 outsize=2701 ok=1
Cmd: compileComputeKernel
  api=14 insize=34089 outsize=2770 ok=1
Cmd: compileComputeKernel
  api=14 insize=34089 outsize=3433 ok=1
Cmd: compileComputeKernel
  api=14 insize=34089 outsize=2956 ok=1
Cmd: compileComputeKernel
  api=14 insize=34089 outsize=2929 ok=1
Cmd: compileComputeKernel
  api=14 insize=34089 outsize=2778 ok=1
Cmd: compileComputeKernel
  api=14 insize=34089 outsize=2772 ok=1
Cmd: compileComputeKernel
  api=14 insize=34089 outsize=2874 ok=1
Cmd: compileComputeKernel
  api=14 insize=34089 outsize=2768 ok=1
Cmd: compileComputeKernel
  api=14 insize=34089 outsize=2760 ok=1
Cmd: compileComputeKernel
  api=14 insize=34089 outsize=2720 ok=1
Cmd: compileComputeKernel
  api=14 insize=34089 outsize=2756 ok=1
Cmd: compileComputeKernel
  api=14 insize=34089 outsize=2778 ok=1
Cmd: compileComputeKernel
  api=14 insize=34089 outsize=3090 ok=1
Cmd: compileComputeKernel
  api=14 insize=34089 outsize=2836 ok=1
Cmd: translateComputeKernel
  api=14 insize=2404 outsize=2355 ok=1
Cmd: translateComputeKernel
  api=14 insize=2341 outsize=2246 ok=1
Cmd: translateComputeKernel
  api=14 insize=2402 outsize=2359 ok=1
Cmd: translateComputeKernel
  api=14 insize=2349 outsize=2250 ok=1
Cmd: translateComputeKernel
  api=14 insize=2378 outsize=2284 ok=1
Cmd: translateComputeKernel
  api=14 insize=2799 outsize=2877 ok=1
Cmd: translateComputeKernel
  api=14 insize=2426 outsize=2365 ok=1
Cmd: translateComputeKernel
  api=14 insize=2552 outsize=2595 ok=1
Cmd: translateComputeKernel
  api=14 insize=2386 outsize=2318 ok=1
Cmd: translateComputeKernel
  api=14 insize=2446 outsize=2433 ok=1
Cmd: translateComputeKernel
  api=14 insize=1458 outsize=1512 ok=1
Cmd: translateComputeKernel
  api=14 insize=2428 outsize=2397 ok=1
Cmd: translateComputeKernel
  api=14 insize=2456 outsize=2438 ok=1
Cmd: translateComputeKernel
  api=14 insize=2479 outsize=2486 ok=1
Cmd: translateComputeKernel
  api=14 insize=2925 outsize=3372 ok=1
Cmd: translateComputeKernel
  api=14 insize=2954 outsize=3410 ok=1
Cmd: translateComputeKernel
  api=14 insize=2891 outsize=3522 ok=1
Cmd: translateComputeKernel
  api=14 insize=3121 outsize=3659 ok=1
Cmd: translateComputeKernel
  api=14 insize=3153 outsize=3713 ok=1
Cmd: translateComputeKernel
  api=14 insize=3002 outsize=3499 ok=1
Cmd: translateComputeKernel
  api=14 insize=2939 outsize=3603 ok=1
Cmd: translateComputeKernel
  api=14 insize=2933 outsize=3596 ok=1
Cmd: translateComputeKernel
  api=14 insize=2962 outsize=3444 ok=1
Cmd: translateComputeKernel
  api=14 insize=2944 outsize=3407 ok=1
Cmd: translateComputeKernel
  api=14 insize=2881 outsize=3519 ok=1
Cmd: translateComputeKernel
  api=14 insize=2881 outsize=3520 ok=1
Cmd: translateComputeKernel
  api=14 insize=2894 outsize=3510 ok=1
Cmd: translateComputeKernel
  api=14 insize=2909 outsize=3557 ok=1
Cmd: translateComputeKernel
  api=14 insize=3251 outsize=3962 ok=1
Cmd: translateComputeKernel
  api=14 insize=2938 outsize=3568 ok=1
Cmd: compileComputeKernel
  api=14 insize=79248 outsize=4223 ok=1
Cmd: compileComputeKernel
  api=14 insize=79248 outsize=13796 ok=1
Cmd: compileComputeKernel
  api=14 insize=79248 outsize=12236 ok=1
Cmd: compileComputeKernel
  api=14 insize=79248 outsize=28414 ok=1
Cmd: compileComputeKernel
  api=14 insize=79248 outsize=26606 ok=1
Cmd: compileComputeKernel
  api=14 insize=79248 outsize=5149 ok=1
Cmd: compileComputeKernel
  api=14 insize=79248 outsize=13572 ok=1
Cmd: translateComputeKernel
  api=14 insize=9346 outsize=18278 ok=1
Cmd: translateComputeKernel
  api=14 insize=12863 outsize=22946 ok=1
Cmd: translateComputeKernel
  api=14 insize=11439 outsize=21347 ok=1
Cmd: translateComputeKernel
  api=14 insize=23519 outsize=47994 ok=1
Cmd: translateComputeKernel
  api=14 insize=35531 outsize=69798 ok=1
Cmd: translateComputeKernel
  api=14 insize=5858 outsize=9983 ok=1
Cmd: translateComputeKernel
  api=14 insize=5858 outsize=10009 ok=1
Cmd: translateComputeKernel
  api=14 insize=4542 outsize=7288 ok=1
Cmd: translateComputeKernel
  api=14 insize=4542 outsize=7285 ok=1
Cmd: translateComputeKernel
  api=14 insize=5183 outsize=9301 ok=1
Cmd: translateComputeKernel
  api=14 insize=5183 outsize=9288 ok=1
Cmd: translateComputeKernel
  api=14 insize=3078 outsize=3738 ok=1
Cmd: translateComputeKernel
  api=14 insize=3482 outsize=4733 ok=1
Cmd: translateComputeKernel
  api=14 insize=3418 outsize=4615 ok=1
Cmd: translateComputeKernel
  api=14 insize=6831 outsize=10749 ok=1
Cmd: translateComputeKernel
  api=14 insize=14277 outsize=27537 ok=1
Cmd: translateComputeKernel
  api=14 insize=13637 outsize=26114 ok=1
Cmd: compileComputeKernel
  api=14 insize=4442 outsize=2858 ok=1
Cmd: compileComputeKernel
  api=14 insize=4442 outsize=2948 ok=1
Cmd: translateComputeKernel
  api=14 insize=2771 outsize=3369 ok=1
Cmd: translateComputeKernel
  api=14 insize=3006 outsize=4071 ok=1
Cmd: compileComputeKernel
  api=14 insize=1900 outsize=4426 ok=1
Cmd: translateComputeKernel
  api=14 insize=4426 outsize=8090 ok=1
Cmd: compileSnippet
  api=14 type=0 insize=1602 outsize=4151 kw=UNITY_PASS_FORWARDBASE DIRECTIONAL SHADOWS_SCREEN LIGHTPROBE_SH pd=UNITY_ENABLE_REFLECTION_BUFFERS UNITY_USE_DITHER_MASK_FOR_ALPHABLENDED_SHADOWS UNITY_PBS_USE_BRDF1 UNITY_SPECCUBE_BOX_PROJECTION UNITY_SPECCUBE_BLENDING UNITY_ENABLE_DETAIL_NORMALMAP SHADER_API_DESKTOP UNITY_COLORSPACE_GAMMA UNITY_LIGHT_PROBE_PROXY_VOLUME UNITY_LIGHTMAP_FULL_HDR ok=1
Cmd: compileSnippet
  api=14 type=0 insize=1379 outsize=4151 kw=UNITY_PASS_FORWARDBASE DIRECTIONAL SHADOWS_SCREEN LIGHTPROBE_SH _EMISSION pd=UNITY_ENABLE_REFLECTION_BUFFERS UNITY_USE_DITHER_MASK_FOR_ALPHABLENDED_SHADOWS UNITY_PBS_USE_BRDF1 UNITY_SPECCUBE_BOX_PROJECTION UNITY_SPECCUBE_BLENDING UNITY_ENABLE_DETAIL_NORMALMAP SHADER_API_DESKTOP UNITY_COLORSPACE_GAMMA UNITY_LIGHT_PROBE_PROXY_VOLUME UNITY_LIGHTMAP_FULL_HDR ok=1

Quitting shader compiler process
